  Interpret.cpp
d:\计算机系\计算机系\数据库\大作业\整合\整合\整合\buffermanager.h : warning C4819: 该文件包含不能在当前代码页(936)中表示的字符。请将该文件保存为 Unicode 格式以防止数据丢失
d:\计算机系\计算机系\数据库\大作业\整合\整合\整合\catalogmanager.h : warning C4819: 该文件包含不能在当前代码页(936)中表示的字符。请将该文件保存为 Unicode 格式以防止数据丢失
d:\计算机系\计算机系\数据库\大作业\整合\整合\整合\table.h : warning C4819: 该文件包含不能在当前代码页(936)中表示的字符。请将该文件保存为 Unicode 格式以防止数据丢失
d:\计算机系\计算机系\数据库\大作业\整合\整合\整合\interpreter.h(26): warning C4005: “EXEC”: 宏重定义
  d:\计算机系\计算机系\数据库\大作业\整合\整合\整合\interpreter.h(20): note: 参见“EXEC”的前一个定义
d:\计算机系\计算机系\数据库\大作业\整合\整合\整合\interpret.cpp(75): warning C4018: “<”: 有符号/无符号不匹配
d:\计算机系\计算机系\数据库\大作业\整合\整合\整合\interpret.cpp(82): warning C4018: “<”: 有符号/无符号不匹配
d:\计算机系\计算机系\数据库\大作业\整合\整合\整合\interpret.cpp(96): warning C4018: “<”: 有符号/无符号不匹配
d:\计算机系\计算机系\数据库\大作业\整合\整合\整合\interpret.cpp(108): warning C4018: “<=”: 有符号/无符号不匹配
d:\计算机系\计算机系\数据库\大作业\整合\整合\整合\interpret.cpp(203): warning C4018: “<”: 有符号/无符号不匹配
d:\计算机系\计算机系\数据库\大作业\整合\整合\整合\interpret.cpp(205): warning C4018: “<”: 有符号/无符号不匹配
d:\计算机系\计算机系\数据库\大作业\整合\整合\整合\interpret.cpp(407): warning C4018: “<=”: 有符号/无符号不匹配
d:\计算机系\计算机系\数据库\大作业\整合\整合\整合\interpret.cpp(435): warning C4018: “<”: 有符号/无符号不匹配
d:\计算机系\计算机系\数据库\大作业\整合\整合\整合\interpret.cpp(500): warning C4018: “<”: 有符号/无符号不匹配
d:\计算机系\计算机系\数据库\大作业\整合\整合\整合\interpret.cpp(520): warning C4018: “<”: 有符号/无符号不匹配
d:\计算机系\计算机系\数据库\大作业\整合\整合\整合\interpret.cpp(573): warning C4018: “<”: 有符号/无符号不匹配
d:\计算机系\计算机系\数据库\大作业\整合\整合\整合\interpret.cpp(666): warning C4018: “<”: 有符号/无符号不匹配
d:\计算机系\计算机系\数据库\大作业\整合\整合\整合\interpret.cpp(696): warning C4018: “<”: 有符号/无符号不匹配
d:\计算机系\计算机系\数据库\大作业\整合\整合\整合\interpret.cpp(883): warning C4996: 'strcpy': This function or variable may be unsafe. Consider using strcpy_s instead. To disable deprecation, use _CRT_SECURE_NO_WARNINGS. See online help for details.
  c:\program files (x86)\windows kits\10\include\10.0.10240.0\ucrt\string.h(119): note: 参见“strcpy”的声明
d:\计算机系\计算机系\数据库\大作业\整合\整合\整合\interpret.cpp(819): warning C4715: “API”: 不是所有的控件路径都返回值
  整合.vcxproj -> D:\计算机系\计算机系\数据库\大作业\整合\整合\Debug\整合.exe
  整合.vcxproj -> D:\计算机系\计算机系\数据库\大作业\整合\整合\Debug\整合.pdb (Full PDB)
